<?xml version="1.0" encoding="UTF-8"?>
<!-- Generated by org.testng.reporters.JUnitReportReporter -->
<testsuite skipped="0" hostname="DESKTOP-OJTPH4M" name="testing.NewTest" tests="1" failures="0" timestamp="2020-02-08T12:46:46 EST" time="0.004" errors="0">
  <testcase name="f" time="0.004" classname="testing.NewTest"/>
</testsuite> <!-- testing.NewTest -->
